<?xml version="1.0" encoding="UTF-8"?>
<!-- Generated by org.testng.reporters.JUnitXMLReporter -->
<testsuite ignored="0" hostname="DESKTOP-HFF6R71" failures="3" tests="6" name="BankingApp Test" time="89.719" errors="0" timestamp="2024-01-06T01:24:59 IST">
  <testcase classname="com.inetBanking.testCases.TC_Login_001" name="Login_Test" time="2.273"/>
  <testcase classname="com.inetBanking.testCases.TC_Login_DDT_002" name="loginDDT" time="8.996"/>
  <testcase classname="com.inetBanking.testCases.TC_Login_DDT_002" name="loginDDT" time="6.31">
    <failure type="java.lang.AssertionError">
      <![CDATA[java.lang.AssertionError
at org.junit.Assert.fail(Assert.java:86)
at org.junit.Assert.assertTrue(Assert.java:41)
at org.junit.Assert.assertTrue(Assert.java:52)
at com.inetBanking.testCases.TC_Login_DDT_002.loginDDT(TC_Login_DDT_002.java:31)
at java.base/java.util.ArrayList.forEach(ArrayList.java:1511)
... Removed 27 stack frames]]>
    </failure>
  </testcase> <!-- loginDDT -->
  <testcase classname="com.inetBanking.testCases.TC_Login_DDT_002" name="loginDDT" time="5.584">
    <failure type="java.lang.AssertionError">
      <![CDATA[java.lang.AssertionError
at org.junit.Assert.fail(Assert.java:86)
at org.junit.Assert.assertTrue(Assert.java:41)
at org.junit.Assert.assertTrue(Assert.java:52)
at com.inetBanking.testCases.TC_Login_DDT_002.loginDDT(TC_Login_DDT_002.java:31)
at java.base/java.util.ArrayList.forEach(ArrayList.java:1511)
... Removed 27 stack frames]]>
    </failure>
  </testcase> <!-- loginDDT -->
  <testcase classname="com.inetBanking.testCases.TC_Login_DDT_002" name="loginDDT" time="5.791">
    <failure type="java.lang.AssertionError">
      <![CDATA[java.lang.AssertionError
at org.junit.Assert.fail(Assert.java:86)
at org.junit.Assert.assertTrue(Assert.java:41)
at org.junit.Assert.assertTrue(Assert.java:52)
at com.inetBanking.testCases.TC_Login_DDT_002.loginDDT(TC_Login_DDT_002.java:31)
at java.base/java.util.ArrayList.forEach(ArrayList.java:1511)
... Removed 27 stack frames]]>
    </failure>
  </testcase> <!-- loginDDT -->
  <testcase classname="com.inetBanking.testCases.TC_AddCustomertest_003" name="addNewcustomertest" time="23.697"/>
</testsuite> <!-- BankingApp Test -->
